This is pdfTeX, Version 3.14159265-2.6-1.40.19 (MiKTeX 2.9.6630 64-bit) (preloaded format=pdflatex 2018.4.29)  11 SEP 2019 15:14
entering extended mode
**./Master.tex
(Master.tex
LaTeX2e <2017-04-15>
Babel <3.18> and hyphenation patterns for 75 language(s) loaded.

("C:\Users\Petro Ck\AppData\Local\Programs\MiKTeX 2.9\tex\latex\base\article.cl
s"
Document Class: article 2014/09/29 v1.4h Standard LaTeX document class
("C:\Users\Petro Ck\AppData\Local\Programs\MiKTeX 2.9\tex\latex\base\size12.clo
"
File: size12.clo 2014/09/29 v1.4h Standard LaTeX file (size option)
)
\c@part=\count79
\c@section=\count80
\c@subsection=\count81
\c@subsubsection=\count82
\c@paragraph=\count83
\c@subparagraph=\count84
\c@figure=\count85
\c@table=\count86
\abovecaptionskip=\skip41
\belowcaptionskip=\skip42
\bibindent=\dimen102
)
("C:\Users\Petro Ck\AppData\Local\Programs\MiKTeX 2.9\tex\latex\amsmath\amsmath
.sty"
Package: amsmath 2017/09/02 v2.17a AMS math features
\@mathmargin=\skip43

For additional information on amsmath, use the `?' option.

("C:\Users\Petro Ck\AppData\Local\Programs\MiKTeX 2.9\tex\latex\amsmath\amstext
.sty"
Package: amstext 2000/06/29 v2.01 AMS text

("C:\Users\Petro Ck\AppData\Local\Programs\MiKTeX 2.9\tex\latex\amsmath\amsgen.
sty"
File: amsgen.sty 1999/11/30 v2.0 generic functions
\@emptytoks=\toks14
\ex@=\dimen103
))
("C:\Users\Petro Ck\AppData\Local\Programs\MiKTeX 2.9\tex\latex\amsmath\amsbsy.
sty"
Package: amsbsy 1999/11/29 v1.2d Bold Symbols
\pmbraise@=\dimen104
)
("C:\Users\Petro Ck\AppData\Local\Programs\MiKTeX 2.9\tex\latex\amsmath\amsopn.
sty"
Package: amsopn 2016/03/08 v2.02 operator names
)
\inf@bad=\count87
LaTeX Info: Redefining \frac on input line 213.
\uproot@=\count88
\leftroot@=\count89
LaTeX Info: Redefining \overline on input line 375.
\classnum@=\count90
\DOTSCASE@=\count91
LaTeX Info: Redefining \ldots on input line 472.
LaTeX Info: Redefining \dots on input line 475.
LaTeX Info: Redefining \cdots on input line 596.
\Mathstrutbox@=\box26
\strutbox@=\box27
\big@size=\dimen105
LaTeX Font Info:    Redeclaring font encoding OML on input line 712.
LaTeX Font Info:    Redeclaring font encoding OMS on input line 713.
\macc@depth=\count92
\c@MaxMatrixCols=\count93
\dotsspace@=\muskip10
\c@parentequation=\count94
\dspbrk@lvl=\count95
\tag@help=\toks15
\row@=\count96
\column@=\count97
\maxfields@=\count98
\andhelp@=\toks16
\eqnshift@=\dimen106
\alignsep@=\dimen107
\tagshift@=\dimen108
\tagwidth@=\dimen109
\totwidth@=\dimen110
\lineht@=\dimen111
\@envbody=\toks17
\multlinegap=\skip44
\multlinetaggap=\skip45
\mathdisplay@stack=\toks18
LaTeX Info: Redefining \[ on input line 2817.
LaTeX Info: Redefining \] on input line 2818.
)
("C:\Users\Petro Ck\AppData\Local\Programs\MiKTeX 2.9\tex\generic\babel\babel.s
ty"
Package: babel 2018/02/14 3.18 The Babel package

("C:\Users\Petro Ck\AppData\Local\Programs\MiKTeX 2.9\tex\generic\babel\switch.
def"
File: switch.def 2018/02/14 3.18 Babel switching mechanism
)
*************************************
* Local config file bblopts.cfg used
*

("C:\Users\Petro Ck\AppData\Local\Programs\MiKTeX 2.9\tex\latex\arabi\bblopts.c
fg"
File: bblopts.cfg 2005/09/08 v0.1 add Arabic and Farsi to "declared" options of
 babel
)
("C:\Users\Petro Ck\AppData\Local\Programs\MiKTeX 2.9\tex\latex\babel-english\e
nglish.ldf"
Language: english 2017/06/06 v3.3r English support from the babel system

("C:\Users\Petro Ck\AppData\Local\Programs\MiKTeX 2.9\tex\generic\babel\babel.d
ef"
File: babel.def 2018/02/14 3.18 Babel common definitions
\babel@savecnt=\count99
\U@D=\dimen112

("C:\Users\Petro Ck\AppData\Local\Programs\MiKTeX 2.9\tex\generic\babel\txtbabe
l.def")
\bbl@dirlevel=\count100
)
\l@canadian = a dialect from \language\l@american 
\l@australian = a dialect from \language\l@british 
\l@newzealand = a dialect from \language\l@british 
))
("C:\Users\Petro Ck\AppData\Local\Programs\MiKTeX 2.9\tex\latex\base\inputenc.s
ty"
Package: inputenc 2015/03/17 v1.2c Input encoding file
\inpenc@prehook=\toks19
\inpenc@posthook=\toks20

("C:\Users\Petro Ck\AppData\Local\Programs\MiKTeX 2.9\tex\latex\ucs\utf8x.def"
File: utf8x.def 2004/10/17 UCS: Input encoding UTF-8
)) ("C:\Users\Petro Ck\AppData\Local\Programs\MiKTeX 2.9\tex\latex\ucs\ucs.sty"
Package: ucs 2013/05/11 v2.2 UCS: Unicode input support

("C:\Users\Petro Ck\AppData\Local\Programs\MiKTeX 2.9\tex\latex\ucs\uni-global.
def"
File: uni-global.def 2013/05/13 UCS: Unicode global data
)
\uc@secondtry=\count101
\uc@combtoks=\toks21
\uc@combtoksb=\toks22
\uc@temptokena=\toks23
)
("C:\Users\Petro Ck\AppData\Local\Programs\MiKTeX 2.9\tex\latex\ltxmisc\varwidt
h.sty"
Package: varwidth 2009/03/30 ver 0.92;  Variable-width minipages
\@vwid@box=\box28
\sift@deathcycles=\count102
\@vwid@loff=\dimen113
\@vwid@roff=\dimen114
)
("C:\Users\Petro Ck\AppData\Local\Programs\MiKTeX 2.9\tex\latex\float\float.sty
"
Package: float 2001/11/08 v1.3d Float enhancements (AL)
\c@float@type=\count103
\float@exts=\toks24
\float@box=\box29
\@float@everytoks=\toks25
\@floatcapt=\box30
)
\@float@every@table=\toks26

("C:\Users\Petro Ck\AppData\Local\Programs\MiKTeX 2.9\tex\latex\makecell\makece
ll.sty"
Package: makecell 2009/08/03 V0.1e Managing of Tab Column Heads and Cells

("C:\Users\Petro Ck\AppData\Local\Programs\MiKTeX 2.9\tex\latex\tools\array.sty
"
Package: array 2016/10/06 v2.4d Tabular extension package (FMi)
\col@sep=\dimen115
\extrarowheight=\dimen116
\NC@list=\toks27
\extratabsurround=\skip46
\backup@length=\skip47
)
\rotheadsize=\dimen117
\c@nlinenum=\count104
\TeXr@lab=\toks28
)
("C:\Users\Petro Ck\AppData\Local\Programs\MiKTeX 2.9\tex\latex\enumitem\enumit
em.sty"
Package: enumitem 2019/02/04 v3.8 Customized lists
\enitkv@toks@=\toks29
\labelindent=\skip48
\enit@outerparindent=\dimen118
\enit@toks=\toks30
\enit@inbox=\box31
\enit@count@id=\count105
\enitdp@description=\count106
)
("C:\Users\Petro Ck\AppData\Local\Programs\MiKTeX 2.9\tex\latex\base\makeidx.st
y"
Package: makeidx 2014/09/29 v1.0m Standard LaTeX package
)
\@indexfile=\write3
\openout3 = `Master.idx'.


Writing index file Master.idx

("C:\Users\Petro Ck\AppData\Local\Programs\MiKTeX 2.9\tex\latex\base\fontenc.st
y"
Package: fontenc 2017/04/05 v2.0i Standard LaTeX package

("C:\Users\Petro Ck\AppData\Local\Programs\MiKTeX 2.9\tex\latex\base\t1enc.def"
File: t1enc.def 2017/04/05 v2.0i Standard LaTeX file
LaTeX Font Info:    Redeclaring font encoding T1 on input line 48.
))
("C:\Users\Petro Ck\AppData\Local\Programs\MiKTeX 2.9\tex\latex\base\textcomp.s
ty"
Package: textcomp 2017/04/05 v2.0i Standard LaTeX package
Package textcomp Info: Sub-encoding information:
(textcomp)               5 = only ISO-Adobe without \textcurrency
(textcomp)               4 = 5 + \texteuro
(textcomp)               3 = 4 + \textohm
(textcomp)               2 = 3 + \textestimated + \textcurrency
(textcomp)               1 = TS1 - \textcircled - \t
(textcomp)               0 = TS1 (full)
(textcomp)             Font families with sub-encoding setting implement
(textcomp)             only a restricted character set as indicated.
(textcomp)             Family '?' is the default used for unknown fonts.
(textcomp)             See the documentation for details.
Package textcomp Info: Setting ? sub-encoding to TS1/1 on input line 79.

("C:\Users\Petro Ck\AppData\Local\Programs\MiKTeX 2.9\tex\latex\base\ts1enc.def
"
File: ts1enc.def 2001/06/05 v3.0e (jk/car/fm) Standard LaTeX file
)
LaTeX Info: Redefining \oldstylenums on input line 334.
Package textcomp Info: Setting cmr sub-encoding to TS1/0 on input line 349.
Package textcomp Info: Setting cmss sub-encoding to TS1/0 on input line 350.
Package textcomp Info: Setting cmtt sub-encoding to TS1/0 on input line 351.
Package textcomp Info: Setting cmvtt sub-encoding to TS1/0 on input line 352.
Package textcomp Info: Setting cmbr sub-encoding to TS1/0 on input line 353.
Package textcomp Info: Setting cmtl sub-encoding to TS1/0 on input line 354.
Package textcomp Info: Setting ccr sub-encoding to TS1/0 on input line 355.
Package textcomp Info: Setting ptm sub-encoding to TS1/4 on input line 356.
Package textcomp Info: Setting pcr sub-encoding to TS1/4 on input line 357.
Package textcomp Info: Setting phv sub-encoding to TS1/4 on input line 358.
Package textcomp Info: Setting ppl sub-encoding to TS1/3 on input line 359.
Package textcomp Info: Setting pag sub-encoding to TS1/4 on input line 360.
Package textcomp Info: Setting pbk sub-encoding to TS1/4 on input line 361.
Package textcomp Info: Setting pnc sub-encoding to TS1/4 on input line 362.
Package textcomp Info: Setting pzc sub-encoding to TS1/4 on input line 363.
Package textcomp Info: Setting bch sub-encoding to TS1/4 on input line 364.
Package textcomp Info: Setting put sub-encoding to TS1/5 on input line 365.
Package textcomp Info: Setting uag sub-encoding to TS1/5 on input line 366.
Package textcomp Info: Setting ugq sub-encoding to TS1/5 on input line 367.
Package textcomp Info: Setting ul8 sub-encoding to TS1/4 on input line 368.
Package textcomp Info: Setting ul9 sub-encoding to TS1/4 on input line 369.
Package textcomp Info: Setting augie sub-encoding to TS1/5 on input line 370.
Package textcomp Info: Setting dayrom sub-encoding to TS1/3 on input line 371.
Package textcomp Info: Setting dayroms sub-encoding to TS1/3 on input line 372.

Package textcomp Info: Setting pxr sub-encoding to TS1/0 on input line 373.
Package textcomp Info: Setting pxss sub-encoding to TS1/0 on input line 374.
Package textcomp Info: Setting pxtt sub-encoding to TS1/0 on input line 375.
Package textcomp Info: Setting txr sub-encoding to TS1/0 on input line 376.
Package textcomp Info: Setting txss sub-encoding to TS1/0 on input line 377.
Package textcomp Info: Setting txtt sub-encoding to TS1/0 on input line 378.
Package textcomp Info: Setting lmr sub-encoding to TS1/0 on input line 379.
Package textcomp Info: Setting lmdh sub-encoding to TS1/0 on input line 380.
Package textcomp Info: Setting lmss sub-encoding to TS1/0 on input line 381.
Package textcomp Info: Setting lmssq sub-encoding to TS1/0 on input line 382.
Package textcomp Info: Setting lmvtt sub-encoding to TS1/0 on input line 383.
Package textcomp Info: Setting lmtt sub-encoding to TS1/0 on input line 384.
Package textcomp Info: Setting qhv sub-encoding to TS1/0 on input line 385.
Package textcomp Info: Setting qag sub-encoding to TS1/0 on input line 386.
Package textcomp Info: Setting qbk sub-encoding to TS1/0 on input line 387.
Package textcomp Info: Setting qcr sub-encoding to TS1/0 on input line 388.
Package textcomp Info: Setting qcs sub-encoding to TS1/0 on input line 389.
Package textcomp Info: Setting qpl sub-encoding to TS1/0 on input line 390.
Package textcomp Info: Setting qtm sub-encoding to TS1/0 on input line 391.
Package textcomp Info: Setting qzc sub-encoding to TS1/0 on input line 392.
Package textcomp Info: Setting qhvc sub-encoding to TS1/0 on input line 393.
Package textcomp Info: Setting futs sub-encoding to TS1/4 on input line 394.
Package textcomp Info: Setting futx sub-encoding to TS1/4 on input line 395.
Package textcomp Info: Setting futj sub-encoding to TS1/4 on input line 396.
Package textcomp Info: Setting hlh sub-encoding to TS1/3 on input line 397.
Package textcomp Info: Setting hls sub-encoding to TS1/3 on input line 398.
Package textcomp Info: Setting hlst sub-encoding to TS1/3 on input line 399.
Package textcomp Info: Setting hlct sub-encoding to TS1/5 on input line 400.
Package textcomp Info: Setting hlx sub-encoding to TS1/5 on input line 401.
Package textcomp Info: Setting hlce sub-encoding to TS1/5 on input line 402.
Package textcomp Info: Setting hlcn sub-encoding to TS1/5 on input line 403.
Package textcomp Info: Setting hlcw sub-encoding to TS1/5 on input line 404.
Package textcomp Info: Setting hlcf sub-encoding to TS1/5 on input line 405.
Package textcomp Info: Setting pplx sub-encoding to TS1/3 on input line 406.
Package textcomp Info: Setting pplj sub-encoding to TS1/3 on input line 407.
Package textcomp Info: Setting ptmx sub-encoding to TS1/4 on input line 408.
Package textcomp Info: Setting ptmj sub-encoding to TS1/4 on input line 409.
)
("C:\Users\Petro Ck\AppData\Local\Programs\MiKTeX 2.9\tex\latex\psnfss\mathptmx
.sty"
Package: mathptmx 2005/04/12 PSNFSS-v9.2a Times w/ Math, improved (SPQR, WaS) 
LaTeX Font Info:    Redeclaring symbol font `operators' on input line 28.
LaTeX Font Info:    Overwriting symbol font `operators' in version `normal'
(Font)                  OT1/cmr/m/n --> OT1/ztmcm/m/n on input line 28.
LaTeX Font Info:    Overwriting symbol font `operators' in version `bold'
(Font)                  OT1/cmr/bx/n --> OT1/ztmcm/m/n on input line 28.
LaTeX Font Info:    Redeclaring symbol font `letters' on input line 29.
LaTeX Font Info:    Overwriting symbol font `letters' in version `normal'
(Font)                  OML/cmm/m/it --> OML/ztmcm/m/it on input line 29.
LaTeX Font Info:    Overwriting symbol font `letters' in version `bold'
(Font)                  OML/cmm/b/it --> OML/ztmcm/m/it on input line 29.
LaTeX Font Info:    Redeclaring symbol font `symbols' on input line 30.
LaTeX Font Info:    Overwriting symbol font `symbols' in version `normal'
(Font)                  OMS/cmsy/m/n --> OMS/ztmcm/m/n on input line 30.
LaTeX Font Info:    Overwriting symbol font `symbols' in version `bold'
(Font)                  OMS/cmsy/b/n --> OMS/ztmcm/m/n on input line 30.
LaTeX Font Info:    Redeclaring symbol font `largesymbols' on input line 31.
LaTeX Font Info:    Overwriting symbol font `largesymbols' in version `normal'
(Font)                  OMX/cmex/m/n --> OMX/ztmcm/m/n on input line 31.
LaTeX Font Info:    Overwriting symbol font `largesymbols' in version `bold'
(Font)                  OMX/cmex/m/n --> OMX/ztmcm/m/n on input line 31.
\symbold=\mathgroup4
\symitalic=\mathgroup5
LaTeX Font Info:    Redeclaring math alphabet \mathbf on input line 34.
LaTeX Font Info:    Overwriting math alphabet `\mathbf' in version `normal'
(Font)                  OT1/cmr/bx/n --> OT1/ptm/bx/n on input line 34.
LaTeX Font Info:    Overwriting math alphabet `\mathbf' in version `bold'
(Font)                  OT1/cmr/bx/n --> OT1/ptm/bx/n on input line 34.
LaTeX Font Info:    Redeclaring math alphabet \mathit on input line 35.
LaTeX Font Info:    Overwriting math alphabet `\mathit' in version `normal'
(Font)                  OT1/cmr/m/it --> OT1/ptm/m/it on input line 35.
LaTeX Font Info:    Overwriting math alphabet `\mathit' in version `bold'
(Font)                  OT1/cmr/bx/it --> OT1/ptm/m/it on input line 35.
LaTeX Info: Redefining \hbar on input line 50.
)
("C:\Users\Petro Ck\AppData\Local\Programs\MiKTeX 2.9\tex\latex\tools\tabularx.
sty"
Package: tabularx 2016/02/03 v2.11 `tabularx' package (DPC)
\TX@col@width=\dimen119
\TX@old@table=\dimen120
\TX@old@col=\dimen121
\TX@target=\dimen122
\TX@delta=\dimen123
\TX@cols=\count107
\TX@ftn=\toks31
)
("C:\Users\Petro Ck\AppData\Local\Programs\MiKTeX 2.9\tex\latex\multirow\multir
ow.sty"
Package: multirow 2016/11/25 v2.2 Span multiple rows of a table
\multirow@colwidth=\skip49
\multirow@cntb=\count108
\multirow@dima=\skip50
\bigstrutjot=\dimen124
)
("C:\Users\Petro Ck\AppData\Local\Programs\MiKTeX 2.9\tex\latex\caption\caption
.sty"
Package: caption 2016/02/21 v3.3-144 Customizing captions (AR)

("C:\Users\Petro Ck\AppData\Local\Programs\MiKTeX 2.9\tex\latex\caption\caption
3.sty"
Package: caption3 2016/05/22 v1.7-166 caption3 kernel (AR)
Package caption3 Info: TeX engine: e-TeX on input line 67.

("C:\Users\Petro Ck\AppData\Local\Programs\MiKTeX 2.9\tex\latex\graphics\keyval
.sty"
Package: keyval 2014/10/28 v1.15 key=value parser (DPC)
\KV@toks@=\toks32
)
\captionmargin=\dimen125
\captionmargin@=\dimen126
\captionwidth=\dimen127
\caption@tempdima=\dimen128
\caption@indent=\dimen129
\caption@parindent=\dimen130
\caption@hangindent=\dimen131
)
\c@ContinuedFloat=\count109
Package caption Info: float package is loaded.
)
("C:\Users\Petro Ck\AppData\Local\Programs\MiKTeX 2.9\tex\latex\geometry\geomet
ry.sty"
Package: geometry 2010/09/12 v5.6 Page Geometry

("C:\Users\Petro Ck\AppData\Local\Programs\MiKTeX 2.9\tex\generic\oberdiek\ifpd
f.sty"
Package: ifpdf 2017/03/15 v3.2 Provides the ifpdf switch
)
("C:\Users\Petro Ck\AppData\Local\Programs\MiKTeX 2.9\tex\generic\oberdiek\ifvt
ex.sty"
Package: ifvtex 2016/05/16 v1.6 Detect VTeX and its facilities (HO)
Package ifvtex Info: VTeX not detected.
)
("C:\Users\Petro Ck\AppData\Local\Programs\MiKTeX 2.9\tex\generic\ifxetex\ifxet
ex.sty"
Package: ifxetex 2010/09/12 v0.6 Provides ifxetex conditional
)
\Gm@cnth=\count110
\Gm@cntv=\count111
\c@Gm@tempcnt=\count112
\Gm@bindingoffset=\dimen132
\Gm@wd@mp=\dimen133
\Gm@odd@mp=\dimen134
\Gm@even@mp=\dimen135
\Gm@layoutwidth=\dimen136
\Gm@layoutheight=\dimen137
\Gm@layouthoffset=\dimen138
\Gm@layoutvoffset=\dimen139
\Gm@dimlist=\toks33

("C:\Users\Petro Ck\AppData\Local\Programs\MiKTeX 2.9\tex\latex\geometry\geomet
ry.cfg"))
("C:\Users\Petro Ck\AppData\Local\Programs\MiKTeX 2.9\tex\latex\graphics\graphi
cx.sty"
Package: graphicx 2017/06/01 v1.1a Enhanced LaTeX Graphics (DPC,SPQR)

("C:\Users\Petro Ck\AppData\Local\Programs\MiKTeX 2.9\tex\latex\graphics\graphi
cs.sty"
Package: graphics 2017/06/25 v1.2c Standard LaTeX Graphics (DPC,SPQR)

("C:\Users\Petro Ck\AppData\Local\Programs\MiKTeX 2.9\tex\latex\graphics\trig.s
ty"
Package: trig 2016/01/03 v1.10 sin cos tan (DPC)
)
("C:\Users\Petro Ck\AppData\Local\Programs\MiKTeX 2.9\tex\latex\graphics-cfg\gr
aphics.cfg"
File: graphics.cfg 2016/06/04 v1.11 sample graphics configuration
)
Package graphics Info: Driver file: pdftex.def on input line 99.

("C:\Users\Petro Ck\AppData\Local\Programs\MiKTeX 2.9\tex\latex\graphics-def\pd
ftex.def"
File: pdftex.def 2018/01/08 v1.0l Graphics/color driver for pdftex
))
\Gin@req@height=\dimen140
\Gin@req@width=\dimen141
)
("C:\Users\Petro Ck\AppData\Local\Programs\MiKTeX 2.9\tex\latex\graphics\rotati
ng.sty"
Package: rotating 2016/08/11 v2.16d rotated objects in LaTeX

("C:\Users\Petro Ck\AppData\Local\Programs\MiKTeX 2.9\tex\latex\base\ifthen.sty
"
Package: ifthen 2014/09/29 v1.1c Standard LaTeX ifthen package (DPC)
)
\c@r@tfl@t=\count113
\rotFPtop=\skip51
\rotFPbot=\skip52
\rot@float@box=\box32
\rot@mess@toks=\toks34
)
("C:\Users\Petro Ck\AppData\Local\Programs\MiKTeX 2.9\tex\latex\caption\subcapt
ion.sty"
Package: subcaption 2016/05/22 v1.1-161 Sub-captions (AR)
\c@subfigure=\count114
\c@subtable=\count115
)
("C:\Users\Petro Ck\AppData\Local\Programs\MiKTeX 2.9\tex\latex\adjustbox\adjus
tbox.sty"
Package: adjustbox 2019/01/04 v1.2 Adjusting TeX boxes (trim, clip, ...)

("C:\Users\Petro Ck\AppData\Local\Programs\MiKTeX 2.9\tex\latex\xkeyval\xkeyval
.sty"
Package: xkeyval 2014/12/03 v2.7a package option processing (HA)

("C:\Users\Petro Ck\AppData\Local\Programs\MiKTeX 2.9\tex\generic\xkeyval\xkeyv
al.tex"
("C:\Users\Petro Ck\AppData\Local\Programs\MiKTeX 2.9\tex\generic\xkeyval\xkvut
ils.tex"
\XKV@toks=\toks35
\XKV@tempa@toks=\toks36
)
\XKV@depth=\count116
File: xkeyval.tex 2014/12/03 v2.7a key=value parser (HA)
))
("C:\Users\Petro Ck\AppData\Local\Programs\MiKTeX 2.9\tex\latex\adjustbox\adjca
lc.sty"
Package: adjcalc 2012/05/16 v1.1 Provides advanced setlength with multiple back
-ends (calc, etex, pgfmath)
)
("C:\Users\Petro Ck\AppData\Local\Programs\MiKTeX 2.9\tex\latex\adjustbox\trimc
lip.sty"
Package: trimclip 2018/04/08 v1.1 Trim and clip general TeX material

("C:\Users\Petro Ck\AppData\Local\Programs\MiKTeX 2.9\tex\latex\collectbox\coll
ectbox.sty"
Package: collectbox 2012/05/17 v0.4b Collect macro arguments as boxes
\collectedbox=\box33
)
\tc@llx=\dimen142
\tc@lly=\dimen143
\tc@urx=\dimen144
\tc@ury=\dimen145
Package trimclip Info: Using driver 'tc-pdftex.def'.

("C:\Users\Petro Ck\AppData\Local\Programs\MiKTeX 2.9\tex\latex\adjustbox\tc-pd
ftex.def"
File: tc-pdftex.def 2019/01/04 v2.2 Clipping driver for pdftex
))
\adjbox@Width=\dimen146
\adjbox@Height=\dimen147
\adjbox@Depth=\dimen148
\adjbox@Totalheight=\dimen149
\adjbox@pwidth=\dimen150
\adjbox@pheight=\dimen151
\adjbox@pdepth=\dimen152
\adjbox@ptotalheight=\dimen153

("C:\Users\Petro Ck\AppData\Local\Programs\MiKTeX 2.9\tex\latex\ifoddpage\ifodd
page.sty"
Package: ifoddpage 2016/04/23 v1.1 Conditionals for odd/even page detection
\c@checkoddpage=\count117
))
("C:\Users\Petro Ck\AppData\Local\Programs\MiKTeX 2.9\tex\latex\graphics\color.
sty"
Package: color 2016/07/10 v1.1e Standard LaTeX Color (DPC)

("C:\Users\Petro Ck\AppData\Local\Programs\MiKTeX 2.9\tex\latex\graphics-cfg\co
lor.cfg"
File: color.cfg 2016/01/02 v1.6 sample color configuration
)
Package color Info: Driver file: pdftex.def on input line 147.
)
("C:\Users\Petro Ck\AppData\Local\Programs\MiKTeX 2.9\tex\latex\colortbl\colort
bl.sty"
Package: colortbl 2018/12/12 v1.0d Color table columns (DPC)
\everycr=\toks37
\minrowclearance=\skip53
)
("C:\Users\Petro Ck\AppData\Local\Programs\MiKTeX 2.9\tex\latex\acronym\acronym
.sty"
Package: acronym 2015/03/21 v1.41 Support for acronyms (Tobias Oetiker)

("C:\Users\Petro Ck\AppData\Local\Programs\MiKTeX 2.9\tex\latex\bigfoot\suffix.
sty"
Package: suffix 2006/07/15 1.5a Variant command support
)
("C:\Users\Petro Ck\AppData\Local\Programs\MiKTeX 2.9\tex\latex\xstring\xstring
.sty"
("C:\Users\Petro Ck\AppData\Local\Programs\MiKTeX 2.9\tex\generic\xstring\xstri
ng.tex"
\integerpart=\count118
\decimalpart=\count119
)
Package: xstring 2019/02/06 v1.83 String manipulations (CT)
)
\AC@clearlist=\toks38
) (Master.aux)
\openout1 = `Master.aux'.

LaTeX Font Info:    Checking defaults for OML/cmm/m/it on input line 89.
LaTeX Font Info:    ... okay on input line 89.
LaTeX Font Info:    Checking defaults for T1/cmr/m/n on input line 89.
LaTeX Font Info:    ... okay on input line 89.
LaTeX Font Info:    Checking defaults for OT1/cmr/m/n on input line 89.
LaTeX Font Info:    ... okay on input line 89.
LaTeX Font Info:    Checking defaults for OMS/cmsy/m/n on input line 89.
LaTeX Font Info:    ... okay on input line 89.
LaTeX Font Info:    Checking defaults for OMX/cmex/m/n on input line 89.
LaTeX Font Info:    ... okay on input line 89.
LaTeX Font Info:    Checking defaults for U/cmr/m/n on input line 89.
LaTeX Font Info:    ... okay on input line 89.
LaTeX Font Info:    Checking defaults for TS1/cmr/m/n on input line 89.
LaTeX Font Info:    Try loading font information for TS1+cmr on input line 89.

("C:\Users\Petro Ck\AppData\Local\Programs\MiKTeX 2.9\tex\latex\base\ts1cmr.fd"
File: ts1cmr.fd 2014/09/29 v2.5h Standard LaTeX font definitions
)
LaTeX Font Info:    ... okay on input line 89.
LaTeX Font Info:    Try loading font information for T1+ptm on input line 89.

("C:\Users\Petro Ck\AppData\Local\Programs\MiKTeX 2.9\tex\latex\psnfss\t1ptm.fd
"
File: t1ptm.fd 2001/06/04 font definitions for T1/ptm.
)
("C:\Users\Petro Ck\AppData\Local\Programs\MiKTeX 2.9\tex\latex\ucs\ucsencs.def
"
File: ucsencs.def 2011/01/21 Fixes to fontencodings LGR, T3
)
Package caption Info: Begin \AtBeginDocument code.
Package caption Info: rotating package is loaded.
Package caption Info: End \AtBeginDocument code.

*geometry* driver: auto-detecting
*geometry* detected driver: pdftex
*geometry* verbose mode - [ preamble ] result:
* driver: pdftex
* paper: a4paper
* layout: <same size as paper>
* layoutoffset:(h,v)=(0.0pt,0.0pt)
* modes: 
* h-part:(L,W,R)=(85.35826pt, 455.24411pt, 56.9055pt)
* v-part:(T,H,B)=(56.9055pt, 731.23584pt, 56.9055pt)
* \paperwidth=597.50787pt
* \paperheight=845.04684pt
* \textwidth=455.24411pt
* \textheight=731.23584pt
* \oddsidemargin=13.08827pt
* \evensidemargin=13.08827pt
* \topmargin=-52.36449pt
* \headheight=12.0pt
* \headsep=25.0pt
* \topskip=12.0pt
* \footskip=30.0pt
* \marginparwidth=44.0pt
* \marginparsep=10.0pt
* \columnsep=10.0pt
* \skip\footins=10.8pt plus 4.0pt minus 2.0pt
* \hoffset=0.0pt
* \voffset=0.0pt
* \mag=1000
* \@twocolumnfalse
* \@twosidefalse
* \@mparswitchfalse
* \@reversemarginfalse
* (1in=72.27pt=25.4mm, 1cm=28.453pt)


("C:\Users\Petro Ck\AppData\Local\Programs\MiKTeX 2.9\tex\context\base\supp-pdf
.mkii"
[Loading MPS to PDF converter (version 2006.09.02).]
\scratchcounter=\count120
\scratchdimen=\dimen154
\scratchbox=\box34
\nofMPsegments=\count121
\nofMParguments=\count122
\everyMPshowfont=\toks39
\MPscratchCnt=\count123
\MPscratchDim=\dimen155
\MPnumerator=\count124
\makeMPintoPDFobject=\count125
\everyMPtoPDFconversion=\toks40
)
("C:\Users\Petro Ck\AppData\Local\Programs\MiKTeX 2.9\tex\latex\oberdiek\epstop
df-base.sty"
Package: epstopdf-base 2016/05/15 v2.6 Base part for package epstopdf

("C:\Users\Petro Ck\AppData\Local\Programs\MiKTeX 2.9\tex\generic\oberdiek\infw
arerr.sty"
Package: infwarerr 2016/05/16 v1.4 Providing info/warning/error messages (HO)
)
("C:\Users\Petro Ck\AppData\Local\Programs\MiKTeX 2.9\tex\latex\oberdiek\grfext
.sty"
Package: grfext 2016/05/16 v1.2 Manage graphics extensions (HO)

("C:\Users\Petro Ck\AppData\Local\Programs\MiKTeX 2.9\tex\generic\oberdiek\kvde
finekeys.sty"
Package: kvdefinekeys 2016/05/16 v1.4 Define keys (HO)

("C:\Users\Petro Ck\AppData\Local\Programs\MiKTeX 2.9\tex\generic\oberdiek\ltxc
mds.sty"
Package: ltxcmds 2016/05/16 v1.23 LaTeX kernel commands for general use (HO)
)))
("C:\Users\Petro Ck\AppData\Local\Programs\MiKTeX 2.9\tex\latex\oberdiek\kvopti
ons.sty"
Package: kvoptions 2016/05/16 v3.12 Key value format for package options (HO)

("C:\Users\Petro Ck\AppData\Local\Programs\MiKTeX 2.9\tex\generic\oberdiek\kvse
tkeys.sty"
Package: kvsetkeys 2016/05/16 v1.17 Key value parser (HO)

("C:\Users\Petro Ck\AppData\Local\Programs\MiKTeX 2.9\tex\generic\oberdiek\etex
cmds.sty"
Package: etexcmds 2016/05/16 v1.6 Avoid name clashes with e-TeX commands (HO)

("C:\Users\Petro Ck\AppData\Local\Programs\MiKTeX 2.9\tex\generic\oberdiek\iflu
atex.sty"
Package: ifluatex 2016/05/16 v1.4 Provides the ifluatex switch (HO)
Package ifluatex Info: LuaTeX not detected.
)
Package etexcmds Info: Could not find \expanded.
(etexcmds)             That can mean that you are not using pdfTeX 1.50 or
(etexcmds)             that some package has redefined \expanded.
(etexcmds)             In the latter case, load this package earlier.
)))
("C:\Users\Petro Ck\AppData\Local\Programs\MiKTeX 2.9\tex\generic\oberdiek\pdft
excmds.sty"
Package: pdftexcmds 2018/01/21 v0.26 Utility functions of pdfTeX for LuaTeX (HO
)
Package pdftexcmds Info: LuaTeX not detected.
Package pdftexcmds Info: \pdf@primitive is available.
Package pdftexcmds Info: \pdf@ifprimitive is available.
Package pdftexcmds Info: \pdfdraftmode found.
)
Package epstopdf-base Info: Redefining graphics rule for `.eps' on input line 4
38.
Package grfext Info: Graphics extension search list:
(grfext)             [.pdf,.png,.jpg,.mps,.jpeg,.jbig2,.jb2,.PDF,.PNG,.JPG,.JPE
G,.JBIG2,.JB2,.eps]
(grfext)             \AppendGraphicsExtensions on input line 456.
) (Titelseite.tex
<Logo.pdf, id=1, 457.71pt x 89.33376pt>
File: Logo.pdf Graphic file (type pdf)
<use Logo.pdf>
Package pdftex.def Info: Logo.pdf  used on input line 11.
(pdftex.def)             Requested size: 320.39482pt x 62.53319pt.
LaTeX Font Info:    Try loading font information for OT1+ztmcm on input line 35
.

("C:\Users\Petro Ck\AppData\Local\Programs\MiKTeX 2.9\tex\latex\psnfss\ot1ztmcm
.fd"
File: ot1ztmcm.fd 2000/01/03 Fontinst v1.801 font definitions for OT1/ztmcm.
)
LaTeX Font Info:    Try loading font information for OML+ztmcm on input line 35
.

("C:\Users\Petro Ck\AppData\Local\Programs\MiKTeX 2.9\tex\latex\psnfss\omlztmcm
.fd"
File: omlztmcm.fd 2000/01/03 Fontinst v1.801 font definitions for OML/ztmcm.
)
LaTeX Font Info:    Try loading font information for OMS+ztmcm on input line 35
.

("C:\Users\Petro Ck\AppData\Local\Programs\MiKTeX 2.9\tex\latex\psnfss\omsztmcm
.fd"
File: omsztmcm.fd 2000/01/03 Fontinst v1.801 font definitions for OMS/ztmcm.
)
LaTeX Font Info:    Try loading font information for OMX+ztmcm on input line 35
.

("C:\Users\Petro Ck\AppData\Local\Programs\MiKTeX 2.9\tex\latex\psnfss\omxztmcm
.fd"
File: omxztmcm.fd 2000/01/03 Fontinst v1.801 font definitions for OMX/ztmcm.
)
LaTeX Font Info:    Try loading font information for OT1+ptm on input line 35.

("C:\Users\Petro Ck\AppData\Local\Programs\MiKTeX 2.9\tex\latex\psnfss\ot1ptm.f
d"
File: ot1ptm.fd 2001/06/04 font definitions for OT1/ptm.
)
LaTeX Font Info:    Font shape `OT1/ptm/bx/n' in size <12> not available
(Font)              Font shape `OT1/ptm/b/n' tried instead on input line 35.
LaTeX Font Info:    Font shape `OT1/ptm/bx/n' in size <9> not available
(Font)              Font shape `OT1/ptm/b/n' tried instead on input line 35.
LaTeX Font Info:    Font shape `OT1/ptm/bx/n' in size <7> not available
(Font)              Font shape `OT1/ptm/b/n' tried instead on input line 35.
 [1

{C:/Users/Petro Ck/AppData/Local/MiKTeX/2.9/pdftex/config/pdftex.map} <./Logo.p
df>]) [2

]
LaTeX Font Info:    Font shape `T1/ptm/bx/n' in size <17.28> not available
(Font)              Font shape `T1/ptm/b/n' tried instead on input line 98.
 (Statutory_Declaration.tex) [3] [4] (Acknowledgments.tex
("C:\Users\Petro Ck\AppData\Local\Programs\MiKTeX 2.9\tex\latex\ucs\uni-0.def"
File: uni-0.def 2013/05/13 UCS: Unicode data U+0000..U+00FF
)
Underfull \hbox (badness 10000) in paragraph at lines 5--6

 []

) [5] [6] (Master.toc
LaTeX Font Info:    Font shape `T1/ptm/bx/n' in size <12> not available
(Font)              Font shape `T1/ptm/b/n' tried instead on input line 2.
)
\tf@toc=\write4
\openout4 = `Master.toc'.

 [7] (Introduction.tex
Underfull \hbox (badness 10000) in paragraph at lines 3--11

 []


Underfull \hbox (badness 10000) in paragraph at lines 12--17

 []


Underfull \hbox (badness 10000) in paragraph at lines 18--23

 []

[1]) [2]
LaTeX Font Info:    Font shape `T1/ptm/bx/n' in size <14.4> not available
(Font)              Font shape `T1/ptm/b/n' tried instead on input line 129.
 (Forest_Classification.tex

LaTeX Warning: Reference `tab:sizes' on page 3 undefined on input line 3.


LaTeX Warning: Reference `fig:Gartow Map' on page 3 undefined on input line 31.



LaTeX Warning: Reference `tab:Sample_Variation' on page 3 undefined on input li
ne 32.


LaTeX Warning: Reference `fig:barplots_Gartow' on page 3 undefined on input lin
e 63.

<barplots_Gartow.png, id=38, 843.90282pt x 344.03531pt>
File: barplots_Gartow.png Graphic file (type png)
<use barplots_Gartow.png>
Package pdftex.def Info: barplots_Gartow.png  used on input line 66.
(pdftex.def)             Requested size: 455.24411pt x 185.59256pt.
[3

]

LaTeX Warning: Reference `Inventory Data' on page 4 undefined on input line 71.


<Gartow_map.png, id=42, 820.56563pt x 585.68813pt>
File: Gartow_map.png Graphic file (type png)
<use Gartow_map.png>
Package pdftex.def Info: Gartow_map.png  used on input line 74.
(pdftex.def)             Requested size: 455.24411pt x 324.93564pt.

LaTeX Warning: Reference `fig:Gartow Map' on page 4 undefined on input line 79.


) [4 <./barplots_Gartow.png> <./Gartow_map.png>] (Inventory_Data.tex

LaTeX Warning: Reference `tab:Sample_Variation' on page 5 undefined on input li
ne 3.


LaTeX Warning: Reference `fig:Gartow Map' on page 5 undefined on input line 3.


Underfull \hbox (badness 10000) in paragraph at lines 3--4

 []


LaTeX Warning: Reference `tab:Measured Trees' on page 5 undefined on input line
 5.

) (LiDAR.tex
Underfull \hbox (badness 10000) in paragraph at lines 3--4

 []

[5]
("C:\Users\Petro Ck\AppData\Local\Programs\MiKTeX 2.9\tex\latex\ucs\uni-32.def"
File: uni-32.def 2013/05/13 UCS: Unicode data U+2000..U+20FF
)

LaTeX Warning: Reference `fig:LiDAR' on page 6 undefined on input line 5.

<lidar.png, id=49, 666.99188pt x 310.91156pt>
File: lidar.png Graphic file (type png)
<use lidar.png>
Package pdftex.def Info: lidar.png  used on input line 8.
(pdftex.def)             Requested size: 455.24411pt x 212.21407pt.
[6 <./lidar.png>]) [7] (Challenges.tex

LaTeX Warning: Reference `fig:dominant_trees' on page 8 undefined on input line
 9.


LaTeX Warning: Reference `Regression Models' on page 8 undefined on input line 
17.


LaTeX Warning: Reference `Clustering' on page 8 undefined on input line 19.


LaTeX Warning: Reference `fig:dominant_trees' on page 8 undefined on input line
 20.

<dominant_trees.png, id=57, 1204.5pt x 371.13657pt>
File: dominant_trees.png Graphic file (type png)
<use dominant_trees.png>
Package pdftex.def Info: dominant_trees.png  used on input line 23.
(pdftex.def)             Requested size: 455.24411pt x 140.2745pt.
[8

]) (Methodology.tex

LaTeX Warning: Reference `Overview variables' on page 9 undefined on input line
 4.

[9 <./dominant_trees.png>]

LaTeX Warning: Reference `tab:Prediction Models' on page 10 undefined on input 
line 50.


Underfull \hbox (badness 10000) in paragraph at lines 72--77

 []


Underfull \hbox (badness 10000) in paragraph at lines 79--80

 []

[10]
Underfull \hbox (badness 10000) in paragraph at lines 81--83

 []


Underfull \hbox (badness 10000) in paragraph at lines 84--86

 []

)
Underfull \hbox (badness 10000) in paragraph at lines 93--141

 []

[11] (Analysis.tex
Underfull \hbox (badness 10000) in paragraph at lines 3--4

 []


Underfull \hbox (badness 10000) in paragraph at lines 5--7

 []


LaTeX Warning: Reference `tab:variables' on page 12 undefined on input line 10.



Underfull \hbox (badness 10000) in paragraph at lines 8--11

 []


Underfull \hbox (badness 10000) in paragraph at lines 12--14

 []

) (Overview_variables.tex

LaTeX Warning: Reference `Methodology' on page 12 undefined on input line 23.


Underfull \hbox (badness 10000) in paragraph at lines 22--26

 []


LaTeX Warning: Reference `fig:boxplots Overview' on page 12 undefined on input 
line 27.

[12

]
<boxplots_overview.jpg, id=79, 376.40625pt x 412.54124pt>
File: boxplots_overview.jpg Graphic file (type jpg)
<use boxplots_overview.jpg>
Package pdftex.def Info: boxplots_overview.jpg  used on input line 33.
(pdftex.def)             Requested size: 301.1254pt x 330.03345pt.


LaTeX Warning: Reference `fig:diameter vs height' on page 13 undefined on input
 line 38.

<diam_vs_height.jpg, id=80, 376.40625pt x 412.54124pt>
File: diam_vs_height.jpg Graphic file (type jpg)
<use diam_vs_height.jpg>
Package pdftex.def Info: diam_vs_height.jpg  used on input line 45.
(pdftex.def)             Requested size: 282.30399pt x 309.40517pt.
[13 <./boxplots_overview.jpg>]

LaTeX Warning: Reference `fig:log transformation diam vs height' on page 14 und
efined on input line 50.

<log_diam_vs_height.png, id=84, 963.6pt x 510.40688pt>
File: log_diam_vs_height.png Graphic file (type png)
<use log_diam_vs_height.png>
Package pdftex.def Info: log_diam_vs_height.png  used on input line 57.
(pdftex.def)             Requested size: 433.616pt x 229.68097pt.
) (Regression_Models.tex
Underfull \hbox (badness 10000) in paragraph at lines 3--4

 []

[14 <./diam_vs_height.jpg> <./log_diam_vs_height.png>]

LaTeX Warning: Reference `Challenges' on page 15 undefined on input line 12.


LaTeX Warning: Reference `Overview variables' on page 15 undefined on input lin
e 23.

) (Regression_Outputs.tex [15]

LaTeX Warning: Reference `tab:Prediction Models' on page 16 undefined on input 
line 48.


LaTeX Warning: Reference `fig:Coefficients' on page 16 undefined on input line 
49.


LaTeX Warning: Reference `tab:CI' on page 16 undefined on input line 50.

<figures/coefficients.png, id=91, 963.6pt x 510.40688pt>
File: figures/coefficients.png Graphic file (type png)
<use figures/coefficients.png>
Package pdftex.def Info: figures/coefficients.png  used on input line 53.
(pdftex.def)             Requested size: 455.24411pt x 241.13736pt.
[16 <./figures/coefficients.png>]

LaTeX Warning: Reference `Model Selection' on page 17 undefined on input line 9
8.


Underfull \hbox (badness 10000) in paragraph at lines 123--124

 []


LaTeX Warning: Reference `Distribution Engineering' on page 17 undefined on inp
ut line 126.


Underfull \hbox (badness 10000) in paragraph at lines 125--127

 []

[17]

LaTeX Warning: Reference `fig:Pane' on page 18 undefined on input line 128.


Underfull \hbox (badness 10000) in paragraph at lines 128--131

 []

<predicted_pane.png, id=99, 507.8975pt x 211.28937pt>
File: predicted_pane.png Graphic file (type png)
<use predicted_pane.png>
Package pdftex.def Info: predicted_pane.png  used on input line 133.
(pdftex.def)             Requested size: 455.24411pt x 189.39136pt.

LaTeX Warning: Reference `fig:Residuals GLM gamma' on page 18 undefined on inpu
t line 138.

<residuals_glm_gamma.png, id=100, 963.6pt x 510.40688pt>
File: residuals_glm_gamma.png Graphic file (type png)
<use residuals_glm_gamma.png>
Package pdftex.def Info: residuals_glm_gamma.png  used on input line 146.
(pdftex.def)             Requested size: 455.24411pt x 241.13736pt.
) [18 <./predicted_pane.png>] (Clustering.tex
Underfull \hbox (badness 10000) in paragraph at lines 3--6

 []


LaTeX Warning: Reference `tab:auxiliary_variables' on page 19 undefined on inpu
t line 7.

[19 <./residuals_glm_gamma.png>]

LaTeX Warning: Reference `fig:Clusterplot' on page 20 undefined on input line 3
1.


Overfull \hbox (1.63615pt too wide) in paragraph at lines 29--35
[]\T1/ptm/m/n/12 All vari-able com-bi-na-tions were tested by a time-consuming 
trial-and-error pro-ce-dure. Mean-
 []


Underfull \hbox (badness 10000) in paragraph at lines 29--35

 []

<clusterplot.png, id=108, 408.02437pt x 268.00125pt>
File: clusterplot.png Graphic file (type png)
<use clusterplot.png>
Package pdftex.def Info: clusterplot.png  used on input line 38.
(pdftex.def)             Requested size: 346.82236pt x 227.80212pt.

LaTeX Warning: Reference `fig:Clusterplot' on page 20 undefined on input line 4
4.


LaTeX Warning: Reference `fig:Boxplots Cluster' on page 20 undefined on input l
ine 44.


Underfull \hbox (badness 10000) in paragraph at lines 43--47

 []

[20 <./clusterplot.png (PNG copy)>]
<boxplots_cluster.png, id=112, 408.02437pt x 268.00125pt>
File: boxplots_cluster.png Graphic file (type png)
<use boxplots_cluster.png>
Package pdftex.def Info: boxplots_cluster.png  used on input line 50.
(pdftex.def)             Requested size: 346.82236pt x 227.80212pt.


LaTeX Warning: Reference `fig:LiDAR Cluster 1' on page 21 undefined on input li
ne 58.


LaTeX Warning: Reference `fig:LiDAR Cluster 2' on page 21 undefined on input li
ne 59.


LaTeX Warning: Reference `fig:LiDAR Cluster 3' on page 21 undefined on input li
ne 60.

<cluster1_lidar.png, id=113, 491.58656pt x 124.96687pt>
File: cluster1_lidar.png Graphic file (type png)
<use cluster1_lidar.png>
Package pdftex.def Info: cluster1_lidar.png  used on input line 64.
(pdftex.def)             Requested size: 455.24411pt x 115.73174pt.
<cluster2_lidar.png, id=114, 495.35063pt x 137.01187pt>
File: cluster2_lidar.png Graphic file (type png)
<use cluster2_lidar.png>
Package pdftex.def Info: cluster2_lidar.png  used on input line 70.
(pdftex.def)             Requested size: 455.24411pt x 125.91864pt.
[21 <./boxplots_cluster.png> <./cluster1_lidar.png>]
<cluster3_lidar.png, id=119, 493.845pt x 121.20282pt>
File: cluster3_lidar.png Graphic file (type png)
<use cluster3_lidar.png>
Package pdftex.def Info: cluster3_lidar.png  used on input line 76.
(pdftex.def)             Requested size: 455.24411pt x 111.72801pt.

Underfull \hbox (badness 10000) in paragraph at lines 81--84

 []


LaTeX Warning: Reference `Challenges' on page 22 undefined on input line 86.

) (Distribution_Engineering.tex

LaTeX Warning: Reference `Challenges' on page 22 undefined on input line 3.


Underfull \hbox (badness 10000) in paragraph at lines 3--4

 []

<dens2.png, id=120, 408.02437pt x 268.00125pt>
File: dens2.png Graphic file (type png)
<use dens2.png>
Package pdftex.def Info: dens2.png  used on input line 7.
(pdftex.def)             Requested size: 326.41994pt x 214.40128pt.
LaTeX Font Info:    Font shape `OT1/ptm/bx/n' in size <10> not available
(Font)              Font shape `OT1/ptm/b/n' tried instead on input line 8.
LaTeX Font Info:    Font shape `OT1/ptm/bx/n' in size <7.4> not available
(Font)              Font shape `OT1/ptm/b/n' tried instead on input line 8.
LaTeX Font Info:    Font shape `OT1/ptm/bx/n' in size <6> not available
(Font)              Font shape `OT1/ptm/b/n' tried instead on input line 8.
[22 <./cluster2_lidar.png> <./cluster3_lidar.png>]

LaTeX Warning: Reference `fig:Fits' on page 23 undefined on input line 13.

<cluster2_valid.png, id=124, 596.2275pt x 330.48468pt>
File: cluster2_valid.png Graphic file (type png)
<use cluster2_valid.png>
Package pdftex.def Info: cluster2_valid.png  used on input line 19.
(pdftex.def)             Requested size: 204.85846pt x 113.54836pt.
<cluster2_pred.png, id=125, 591.71063pt x 343.2825pt>
File: cluster2_pred.png Graphic file (type png)
<use cluster2_pred.png>
Package pdftex.def Info: cluster2_pred.png  used on input line 25.
(pdftex.def)             Requested size: 193.48013pt x 112.24643pt.

LaTeX Warning: Reference `fig:cluster2_pred' on page 23 undefined on input line
 33.


LaTeX Warning: Reference `Challenges' on page 23 undefined on input line 33.


LaTeX Warning: Reference `Clustering' on page 23 undefined on input line 33.


Underfull \hbox (badness 10000) in paragraph at lines 33--34

 []


Underfull \hbox (badness 10000) in paragraph at lines 35--37

 []

[23 <./dens2.png> <./cluster2_valid.png> <./cluster2_pred.png>]

LaTeX Warning: Reference `tab:fitdistrplus_inventory' on page 24 undefined on i
nput line 38.


LaTeX Warning: Reference `tab:fitdistrplus_lidar' on page 24 undefined on input
 line 38.


Underfull \hbox (badness 10000) in paragraph at lines 80--82

 []


Underfull \hbox (badness 10000) in paragraph at lines 86--88

 []


LaTeX Warning: Reference `fig:cluster1_entire_corrected' on page 24 undefined o
n input line 89.


LaTeX Warning: Reference `fig:cluster3_entire_corrected' on page 24 undefined o
n input line 89.

<dens1.png, id=132, 408.02437pt x 268.00125pt>
File: dens1.png Graphic file (type png)
<use dens1.png>
Package pdftex.def Info: dens1.png  used on input line 95.
(pdftex.def)             Requested size: 204.85846pt x 134.55644pt.
<correction_entire_cluster1.png, id=133, 422.32782pt x 297.36093pt>
File: correction_entire_cluster1.png Graphic file (type png)
<use correction_entire_cluster1.png>
Package pdftex.def Info: correction_entire_cluster1.png  used on input line 101
.
(pdftex.def)             Requested size: 191.88591pt x 135.10886pt.
[24]
File: dens2.png Graphic file (type png)
<use dens2.png>
Package pdftex.def Info: dens2.png  used on input line 113.
(pdftex.def)             Requested size: 204.85846pt x 134.55644pt.
<correction_entire_cluster2.png, id=138, 422.32782pt x 297.36093pt>
File: correction_entire_cluster2.png Graphic file (type png)
<use correction_entire_cluster2.png>
Package pdftex.def Info: correction_entire_cluster2.png  used on input line 119
.
(pdftex.def)             Requested size: 192.34091pt x 135.43102pt.
<dens3.png, id=139, 408.02437pt x 268.00125pt>
File: dens3.png Graphic file (type png)
<use dens3.png>
Package pdftex.def Info: dens3.png  used on input line 131.
(pdftex.def)             Requested size: 204.85846pt x 134.55644pt.
<correction_entire_cluster3.png, id=140, 422.32782pt x 297.36093pt>
File: correction_entire_cluster3.png Graphic file (type png)
<use correction_entire_cluster3.png>
Package pdftex.def Info: correction_entire_cluster3.png  used on input line 137
.
(pdftex.def)             Requested size: 191.65668pt x 134.94551pt.


LaTeX Warning: Reference `fig:correction_polygon_218a' on page 25 undefined on 
input line 150.


LaTeX Warning: Reference `fig:correction_polygon_140a' on page 25 undefined on 
input line 150.

[25 <./dens1.png> <./correction_entire_cluster1.png> <./correction_entire_clust
er2.png> <./dens3.png> <./correction_entire_cluster3.png>]
<cluster1_218a_24.png, id=149, 408.02437pt x 268.00125pt>
File: cluster1_218a_24.png Graphic file (type png)
<use cluster1_218a_24.png>
Package pdftex.def Info: cluster1_218a_24.png  used on input line 157.
(pdftex.def)             Requested size: 204.85846pt x 134.55644pt.
<corrected_cluster1_218a.png, id=150, 387.69844pt x 268.00125pt>
File: corrected_cluster1_218a.png Graphic file (type png)
<use corrected_cluster1_218a.png>
Package pdftex.def Info: corrected_cluster1_218a.png  used on input line 163.
(pdftex.def)             Requested size: 195.7551pt x 135.32115pt.
<cluster2_295a1_87.png, id=151, 408.02437pt x 268.00125pt>
File: cluster2_295a1_87.png Graphic file (type png)
<use cluster2_295a1_87.png>
Package pdftex.def Info: cluster2_295a1_87.png  used on input line 176.
(pdftex.def)             Requested size: 204.85846pt x 134.55644pt.
<corrected_cluster2_295a1.png, id=152, 387.69844pt x 268.00125pt>
File: corrected_cluster2_295a1.png Graphic file (type png)
<use corrected_cluster2_295a1.png>
Package pdftex.def Info: corrected_cluster2_295a1.png  used on input line 182.
(pdftex.def)             Requested size: 194.16089pt x 134.21703pt.
<cluster2_275a2_72.png, id=153, 408.02437pt x 268.00125pt>
File: cluster2_275a2_72.png Graphic file (type png)
<use cluster2_275a2_72.png>
Package pdftex.def Info: cluster2_275a2_72.png  used on input line 195.
(pdftex.def)             Requested size: 204.85846pt x 134.55644pt.
<corrected_cluster2_275a2.png, id=154, 422.32782pt x 297.36093pt>
File: corrected_cluster2_275a2.png Graphic file (type png)
<use corrected_cluster2_275a2.png>
Package pdftex.def Info: corrected_cluster2_275a2.png  used on input line 201.
(pdftex.def)             Requested size: 190.52094pt x 134.14694pt.
<cluster3_140a_50.png, id=155, 408.02437pt x 268.00125pt>
File: cluster3_140a_50.png Graphic file (type png)
<use cluster3_140a_50.png>
Package pdftex.def Info: cluster3_140a_50.png  used on input line 214.
(pdftex.def)             Requested size: 204.85846pt x 134.55644pt.
<corrected_cluster3_140a.png, id=156, 422.32782pt x 297.36093pt>
File: corrected_cluster3_140a.png Graphic file (type png)
<use corrected_cluster3_140a.png>
Package pdftex.def Info: corrected_cluster3_140a.png  used on input line 220.
(pdftex.def)             Requested size: 190.06593pt x 133.82933pt.
 [26 <./cluster1_218a_24.png> <./corrected_cluster1_218a.png> <./cluster2_295a1
_87.png> <./corrected_cluster2_295a1.png> <./cluster2_275a2_72.png> <./correcte
d_cluster2_275a2.png>]) (Results.tex

LaTeX Warning: Reference `fig:radius' on page 27 undefined on input line 3.


LaTeX Warning: Reference `summary statistics' on page 27 undefined on input lin
e 4.

<radius.png, id=166, 554.07pt x 299.61937pt>
File: radius.png Graphic file (type png)
<use radius.png>
Package pdftex.def Info: radius.png  used on input line 9.
(pdftex.def)             Requested size: 221.62407pt x 119.84561pt.
[27 <./cluster3_140a_50.png> <./corrected_cluster3_140a.png> <./radius.png>])
[28] (conclusion.tex
Underfull \hbox (badness 10000) in paragraph at lines 3--14

 []


Underfull \hbox (badness 10000) in paragraph at lines 15--17

 []


LaTeX Warning: Reference `Results' on page 29 undefined on input line 19.


Underfull \hbox (badness 10000) in paragraph at lines 18--23

 []


Underfull \hbox (badness 10000) in paragraph at lines 24--25

 []

[29

]) [30] (Appendix.tex
Underfull \hbox (badness 10000) in paragraph at lines 3--5

 []


Underfull \hbox (badness 10000) in paragraph at lines 6--7

 []


Underfull \hbox (badness 10000) in paragraph at lines 8--9

 []


Underfull \hbox (badness 10000) in paragraph at lines 10--11

 []


Underfull \hbox (badness 10000) in paragraph at lines 12--13

 []


Underfull \hbox (badness 10000) in paragraph at lines 14--15

 []

[31

]
<appendix_cluster.png, id=187, 428.35031pt x 220.07219pt>
File: appendix_cluster.png Graphic file (type png)
<use appendix_cluster.png>
Package pdftex.def Info: appendix_cluster.png  used on input line 20.
(pdftex.def)             Requested size: 364.09947pt x 187.06223pt.


LaTeX Warning: Reference `fig:appendix_cluster' on page 32 undefined on input l
ine 25.

<multi_regression.png, id=188, 428.35031pt x 220.07219pt>
File: multi_regression.png Graphic file (type png)
<use multi_regression.png>
Package pdftex.def Info: multi_regression.png  used on input line 29.
(pdftex.def)             Requested size: 364.09947pt x 187.06223pt.
[32 <./appendix_cluster.png> <./multi_regression.png>]

LaTeX Warning: Reference `fig:multi_regression' on page 33 undefined on input l
ine 66.

) [33] (Literature.tex
Underfull \hbox (badness 10000) in paragraph at lines 3--6

 []


Underfull \hbox (badness 10000) in paragraph at lines 7--10

 []


Underfull \hbox (badness 10000) in paragraph at lines 11--14

 []


Underfull \hbox (badness 10000) in paragraph at lines 15--17

 []


Underfull \hbox (badness 10000) in paragraph at lines 18--20

 []


Underfull \hbox (badness 10000) in paragraph at lines 21--23

 []


Underfull \hbox (badness 10000) in paragraph at lines 24--26

 []


Underfull \hbox (badness 10000) in paragraph at lines 27--31

 []


Underfull \hbox (badness 10000) in paragraph at lines 32--35

 []


Underfull \hbox (badness 10000) in paragraph at lines 36--40

 []

[34

]
Underfull \hbox (badness 10000) in paragraph at lines 41--43

 []


Underfull \hbox (badness 10000) in paragraph at lines 44--46

 []


Underfull \hbox (badness 10000) in paragraph at lines 47--49

 []


Underfull \hbox (badness 10000) in paragraph at lines 50--52

 []


Underfull \hbox (badness 10000) in paragraph at lines 53--55

 []


Underfull \hbox (badness 10000) in paragraph at lines 56--59

 []


Underfull \hbox (badness 10000) in paragraph at lines 60--63

 []

) [35] (Master.lof [36

])
\tf@lof=\write5
\openout5 = `Master.lof'.

 [37] (Master.lot)
\tf@lot=\write6
\openout6 = `Master.lot'.

 [38

] (abkuerzungen.tex)
(Tree_Species_abbr.tex [39

]) [40] (Master.aux)

LaTeX Warning: There were undefined references.


LaTeX Warning: Label(s) may have changed. Rerun to get cross-references right.

 ) 
Here is how much of TeX's memory you used:
 8802 strings out of 493305
 137028 string characters out of 3128495
 210234 words of memory out of 3000000
 12014 multiletter control sequences out of 15000+200000
 67427 words of font info for 105 fonts, out of 3000000 for 9000
 1141 hyphenation exceptions out of 8191
 41i,23n,77p,1292b,603s stack positions out of 5000i,500n,10000p,200000b,50000s
{C:/Users/Petro Ck/AppData/Local/Programs/MiKTeX 2.9/fonts/enc/dvips/base/8r.
enc}<C:/Users/Petro Ck/AppData/Local/Programs/MiKTeX 2.9/fonts/type1/public/ams
fonts/cm/cmex10.pfb><C:/Users/Petro Ck/AppData/Local/Programs/MiKTeX 2.9/fonts/
type1/public/amsfonts/cm/cmmi10.pfb><C:/Users/Petro Ck/AppData/Local/Programs/M
iKTeX 2.9/fonts/type1/public/amsfonts/cm/cmr10.pfb><C:/Users/Petro Ck/AppData/L
ocal/Programs/MiKTeX 2.9/fonts/type1/public/amsfonts/cm/cmsy10.pfb><C:/Users/Pe
tro Ck/AppData/Local/Programs/MiKTeX 2.9/fonts/type1/urw/symbol/usyr.pfb><C:/Us
ers/Petro Ck/AppData/Local/Programs/MiKTeX 2.9/fonts/type1/urw/symbol/usyr.pfb>
<C:/Users/Petro Ck/AppData/Local/Programs/MiKTeX 2.9/fonts/type1/urw/times/utmb
8a.pfb><C:/Users/Petro Ck/AppData/Local/Programs/MiKTeX 2.9/fonts/type1/urw/tim
es/utmr8a.pfb><C:/Users/Petro Ck/AppData/Local/Programs/MiKTeX 2.9/fonts/type1/
urw/times/utmri8a.pfb>
Output written on Master.pdf (47 pages, 2346227 bytes).
PDF statistics:
 249 PDF objects out of 1000 (max. 8388607)
 0 named destinations out of 1000 (max. 500000)
 176 words of extra memory for PDF output out of 10000 (max. 10000000)

