\BOOKMARK [1][-]{section.1}{Introduction}{}% 1
\BOOKMARK [2][-]{subsection.1.1}{adidas}{section.1}% 2
\BOOKMARK [2][-]{subsection.1.2}{Data Sources}{section.1}% 3
\BOOKMARK [1][-]{section.2}{Statistical Theory \046 Methods}{}% 4
\BOOKMARK [2][-]{subsection.2.1}{Generalized Linear Models}{section.2}% 5
\BOOKMARK [2][-]{subsection.2.2}{Mixed Effects Models}{section.2}% 6
\BOOKMARK [2][-]{subsection.2.3}{Additive Models}{section.2}% 7
\BOOKMARK [1][-]{section.3}{Copulas \046 Dependence Structures}{}% 8
\BOOKMARK [2][-]{subsection.3.1}{Introduction to Copulas}{section.3}% 9
\BOOKMARK [2][-]{subsection.3.2}{Copula Classes}{section.3}% 10
\BOOKMARK [3][-]{subsubsection.3.2.1}{Fundamental Copulas}{subsection.3.2}% 11
\BOOKMARK [3][-]{subsubsection.3.2.2}{Elliptical Copulas}{subsection.3.2}% 12
\BOOKMARK [3][-]{subsubsection.3.2.3}{Archimedean Copulas}{subsection.3.2}% 13
\BOOKMARK [2][-]{subsection.3.3}{Dependence Measures}{section.3}% 14
\BOOKMARK [3][-]{subsubsection.3.3.1}{Linear Correlation}{subsection.3.3}% 15
\BOOKMARK [3][-]{subsubsection.3.3.2}{Rank Correlation}{subsection.3.3}% 16
\BOOKMARK [3][-]{subsubsection.3.3.3}{Tail Dependence}{subsection.3.3}% 17
\BOOKMARK [2][-]{subsection.3.4}{Structured Additive Conditional Copulas}{section.3}% 18
\BOOKMARK [2][-]{subsection.3.5}{Vine Copulas}{section.3}% 19
\BOOKMARK [1][-]{section.4}{Data Exploration}{}% 20
\BOOKMARK [2][-]{subsection.4.1}{Universal Sales Patterns}{section.4}% 21
\BOOKMARK [2][-]{subsection.4.2}{Grouped Patterns}{section.4}% 22
\BOOKMARK [3][-]{subsubsection.4.2.1}{Exploring Key Category Cluster}{subsection.4.2}% 23
\BOOKMARK [1][-]{section.5}{Modelling}{}% 24
\BOOKMARK [2][-]{subsection.5.1}{KCC Correlations}{section.5}% 25
\BOOKMARK [3][-]{subsubsection.5.1.1}{KCC 2 \046 KCC 6}{subsection.5.1}% 26
\BOOKMARK [3][-]{subsubsection.5.1.2}{KCC 2 \046 KCC 8}{subsection.5.1}% 27
\BOOKMARK [3][-]{subsubsection.5.1.3}{KCC 6 \046 KCC 8}{subsection.5.1}% 28
\BOOKMARK [2][-]{subsection.5.2}{Data Delimitation}{section.5}% 29
\BOOKMARK [1][-]{section.6}{Conclusion}{}% 30
\BOOKMARK [1][-]{section.6}{Appendix}{}% 31
\BOOKMARK [1][-]{section*.42}{List of Abbreviations}{}% 32
\BOOKMARK [1][-]{section*.43}{List of Figures}{}% 33
\BOOKMARK [1][-]{section*.44}{List of Tables}{}% 34
\BOOKMARK [1][-]{section*.45}{References}{}% 35
